{"/Users/kennedymwangi/Documents/devops/aws/apps/learning_ci_cd_pipeline/backend/@project/config/db.js": {"path":"/Users/kennedymwangi/Documents/devops/aws/apps/learning_ci_cd_pipeline/backend/@project/config/db.js","statementMap":{"0":{"start":{"line":1,"column":15},"end":{"line":1,"column":30}},"1":{"start":{"line":3,"column":0},"end":{"line":5,"column":3}},"2":{"start":{"line":7,"column":0},"end":{"line":20,"column":2}}},"fnMap":{},"branchMap":{},"s":{"0":1,"1":1,"2":1},"f":{},"b":{},"_coverageSchema":"1a1c01bbd47fc00a2c39e90264f33305004495a9","hash":"30a908b41517feed7cf06e3fe11dbba7ad4cfafe"}
,"/Users/kennedymwangi/Documents/devops/aws/apps/learning_ci_cd_pipeline/backend/@project/controllers/book.js": {"path":"/Users/kennedymwangi/Documents/devops/aws/apps/learning_ci_cd_pipeline/backend/@project/controllers/book.js","statementMap":{"0":{"start":{"line":2,"column":11},"end":{"line":2,"column":34}},"1":{"start":{"line":4,"column":0},"end":{"line":18,"column":1}},"2":{"start":{"line":5,"column":4},"end":{"line":17,"column":5}},"3":{"start":{"line":6,"column":20},"end":{"line":6,"column":44}},"4":{"start":{"line":7,"column":8},"end":{"line":11,"column":11}},"5":{"start":{"line":13,"column":8},"end":{"line":16,"column":11}},"6":{"start":{"line":20,"column":0},"end":{"line":66,"column":1}},"7":{"start":{"line":21,"column":4},"end":{"line":65,"column":5}},"8":{"start":{"line":22,"column":55},"end":{"line":22,"column":63}},"9":{"start":{"line":23,"column":8},"end":{"line":59,"column":9}},"10":{"start":{"line":24,"column":25},"end":{"line":29,"column":14}},"11":{"start":{"line":31,"column":12},"end":{"line":35,"column":15}},"12":{"start":{"line":38,"column":12},"end":{"line":58,"column":13}},"13":{"start":{"line":39,"column":16},"end":{"line":42,"column":19}},"14":{"start":{"line":43,"column":18},"end":{"line":58,"column":13}},"15":{"start":{"line":44,"column":16},"end":{"line":47,"column":19}},"16":{"start":{"line":48,"column":18},"end":{"line":58,"column":13}},"17":{"start":{"line":49,"column":16},"end":{"line":52,"column":19}},"18":{"start":{"line":53,"column":18},"end":{"line":58,"column":13}},"19":{"start":{"line":54,"column":16},"end":{"line":57,"column":19}},"20":{"start":{"line":61,"column":8},"end":{"line":64,"column":11}}},"fnMap":{"0":{"name":"(anonymous_0)","decl":{"start":{"line":4,"column":19},"end":{"line":4,"column":20}},"loc":{"start":{"line":4,"column":43},"end":{"line":18,"column":1}},"line":4},"1":{"name":"(anonymous_1)","decl":{"start":{"line":20,"column":21},"end":{"line":20,"column":22}},"loc":{"start":{"line":20,"column":45},"end":{"line":66,"column":1}},"line":20}},"branchMap":{"0":{"loc":{"start":{"line":15,"column":20},"end":{"line":15,"column":86}},"type":"cond-expr","locations":[{"start":{"line":15,"column":36},"end":{"line":15,"column":49}},{"start":{"line":15,"column":52},"end":{"line":15,"column":86}}],"line":15},"1":{"loc":{"start":{"line":23,"column":8},"end":{"line":59,"column":9}},"type":"if","locations":[{"start":{"line":23,"column":8},"end":{"line":59,"column":9}},{"start":{"line":37,"column":13},"end":{"line":59,"column":9}}],"line":23},"2":{"loc":{"start":{"line":23,"column":11},"end":{"line":23,"column":58}},"type":"binary-expr","locations":[{"start":{"line":23,"column":11},"end":{"line":23,"column":16}},{"start":{"line":23,"column":20},"end":{"line":23,"column":26}},{"start":{"line":23,"column":30},"end":{"line":23,"column":43}},{"start":{"line":23,"column":47},"end":{"line":23,"column":58}}],"line":23},"3":{"loc":{"start":{"line":38,"column":12},"end":{"line":58,"column":13}},"type":"if","locations":[{"start":{"line":38,"column":12},"end":{"line":58,"column":13}},{"start":{"line":43,"column":18},"end":{"line":58,"column":13}}],"line":38},"4":{"loc":{"start":{"line":43,"column":18},"end":{"line":58,"column":13}},"type":"if","locations":[{"start":{"line":43,"column":18},"end":{"line":58,"column":13}},{"start":{"line":48,"column":18},"end":{"line":58,"column":13}}],"line":43},"5":{"loc":{"start":{"line":48,"column":18},"end":{"line":58,"column":13}},"type":"if","locations":[{"start":{"line":48,"column":18},"end":{"line":58,"column":13}},{"start":{"line":53,"column":18},"end":{"line":58,"column":13}}],"line":48},"6":{"loc":{"start":{"line":53,"column":18},"end":{"line":58,"column":13}},"type":"if","locations":[{"start":{"line":53,"column":18},"end":{"line":58,"column":13}},{"start":{},"end":{}}],"line":53},"7":{"loc":{"start":{"line":63,"column":20},"end":{"line":63,"column":85}},"type":"cond-expr","locations":[{"start":{"line":63,"column":36},"end":{"line":63,"column":49}},{"start":{"line":63,"column":52},"end":{"line":63,"column":85}}],"line":63}},"s":{"0":1,"1":1,"2":1,"3":1,"4":1,"5":0,"6":1,"7":3,"8":3,"9":3,"10":1,"11":1,"12":2,"13":1,"14":1,"15":1,"16":0,"17":0,"18":0,"19":0,"20":0},"f":{"0":1,"1":3},"b":{"0":[0,0],"1":[1,2],"2":[3,2,1,1],"3":[1,1],"4":[1,0],"5":[0,0],"6":[0,0],"7":[0,0]},"_coverageSchema":"1a1c01bbd47fc00a2c39e90264f33305004495a9","hash":"3802f58a35487db772ddf2cebbccad18eb9bef70"}
,"/Users/kennedymwangi/Documents/devops/aws/apps/learning_ci_cd_pipeline/backend/@project/models/Book.js": {"path":"/Users/kennedymwangi/Documents/devops/aws/apps/learning_ci_cd_pipeline/backend/@project/models/Book.js","statementMap":{"0":{"start":{"line":1,"column":0},"end":{"line":23,"column":1}},"1":{"start":{"line":2,"column":17},"end":{"line":21,"column":6}},"2":{"start":{"line":22,"column":4},"end":{"line":22,"column":16}}},"fnMap":{"0":{"name":"(anonymous_0)","decl":{"start":{"line":1,"column":17},"end":{"line":1,"column":18}},"loc":{"start":{"line":1,"column":42},"end":{"line":23,"column":1}},"line":1}},"branchMap":{},"s":{"0":1,"1":1,"2":1},"f":{"0":1},"b":{},"_coverageSchema":"1a1c01bbd47fc00a2c39e90264f33305004495a9","hash":"9266cc54a7d319bdf9b56bf4364df26b239340e5"}
,"/Users/kennedymwangi/Documents/devops/aws/apps/learning_ci_cd_pipeline/backend/@project/models/db.js": {"path":"/Users/kennedymwangi/Documents/devops/aws/apps/learning_ci_cd_pipeline/backend/@project/models/db.js","statementMap":{"0":{"start":{"line":1,"column":17},"end":{"line":1,"column":40}},"1":{"start":{"line":2,"column":18},"end":{"line":2,"column":38}},"2":{"start":{"line":3,"column":13},"end":{"line":3,"column":31}},"3":{"start":{"line":4,"column":14},"end":{"line":4,"column":39}},"4":{"start":{"line":7,"column":18},"end":{"line":17,"column":2}},"5":{"start":{"line":19,"column":11},"end":{"line":19,"column":13}},"6":{"start":{"line":21,"column":0},"end":{"line":21,"column":25}},"7":{"start":{"line":22,"column":0},"end":{"line":22,"column":25}},"8":{"start":{"line":25,"column":14},"end":{"line":25,"column":52}},"9":{"start":{"line":27,"column":15},"end":{"line":30,"column":2}},"10":{"start":{"line":32,"column":0},"end":{"line":32,"column":19}},"11":{"start":{"line":34,"column":0},"end":{"line":36,"column":1}},"12":{"start":{"line":35,"column":4},"end":{"line":35,"column":32}},"13":{"start":{"line":39,"column":0},"end":{"line":89,"column":3}},"14":{"start":{"line":40,"column":4},"end":{"line":88,"column":5}},"15":{"start":{"line":41,"column":8},"end":{"line":41,"column":34}},"16":{"start":{"line":43,"column":8},"end":{"line":43,"column":48}},"17":{"start":{"line":45,"column":8},"end":{"line":87,"column":9}},"18":{"start":{"line":47,"column":12},"end":{"line":82,"column":13}},"19":{"start":{"line":53,"column":35},"end":{"line":59,"column":18}},"20":{"start":{"line":61,"column":29},"end":{"line":61,"column":85}},"21":{"start":{"line":63,"column":16},"end":{"line":63,"column":65}},"22":{"start":{"line":65,"column":16},"end":{"line":77,"column":17}},"23":{"start":{"line":67,"column":20},"end":{"line":67,"column":46}},"24":{"start":{"line":71,"column":20},"end":{"line":71,"column":66}},"25":{"start":{"line":75,"column":20},"end":{"line":75,"column":104}},"26":{"start":{"line":80,"column":16},"end":{"line":80,"column":72}},"27":{"start":{"line":85,"column":12},"end":{"line":85,"column":56}},"28":{"start":{"line":90,"column":0},"end":{"line":90,"column":20}}},"fnMap":{"0":{"name":"(anonymous_0)","decl":{"start":{"line":39,"column":28},"end":{"line":39,"column":29}},"loc":{"start":{"line":39,"column":54},"end":{"line":89,"column":1}},"line":39}},"branchMap":{"0":{"loc":{"start":{"line":45,"column":8},"end":{"line":87,"column":9}},"type":"if","locations":[{"start":{"line":45,"column":8},"end":{"line":87,"column":9}},{"start":{"line":83,"column":13},"end":{"line":87,"column":9}}],"line":45},"1":{"loc":{"start":{"line":45,"column":11},"end":{"line":45,"column":142}},"type":"binary-expr","locations":[{"start":{"line":45,"column":11},"end":{"line":45,"column":24}},{"start":{"line":45,"column":28},"end":{"line":45,"column":84}},{"start":{"line":45,"column":88},"end":{"line":45,"column":142}}],"line":45}},"s":{"0":1,"1":1,"2":1,"3":1,"4":1,"5":1,"6":1,"7":1,"8":1,"9":1,"10":1,"11":1,"12":1,"13":1,"14":1,"15":1,"16":0,"17":0,"18":0,"19":0,"20":0,"21":0,"22":0,"23":0,"24":0,"25":0,"26":0,"27":0,"28":1},"f":{"0":1},"b":{"0":[0,0],"1":[0,0,0]},"_coverageSchema":"1a1c01bbd47fc00a2c39e90264f33305004495a9","hash":"94c2e466560a238a43d90785abf49e4f37fe40b5"}
}
