TN:
SF:@project/config/db.js
FNF:0
FNH:0
DA:1,1
DA:3,1
DA:7,1
LF:3
LH:3
BRF:0
BRH:0
end_of_record
TN:
SF:@project/controllers/book.js
FN:4,(anonymous_0)
FN:20,(anonymous_1)
FNF:2
FNH:2
FNDA:1,(anonymous_0)
FNDA:3,(anonymous_1)
DA:2,1
DA:4,1
DA:5,1
DA:6,1
DA:7,1
DA:13,0
DA:20,1
DA:21,3
DA:22,3
DA:23,3
DA:24,1
DA:31,1
DA:38,2
DA:39,1
DA:43,1
DA:44,1
DA:48,0
DA:49,0
DA:53,0
DA:54,0
DA:61,0
LF:21
LH:15
BRDA:15,0,0,0
BRDA:15,0,1,0
BRDA:23,1,0,1
BRDA:23,1,1,2
BRDA:23,2,0,3
BRDA:23,2,1,2
BRDA:23,2,2,1
BRDA:23,2,3,1
BRDA:38,3,0,1
BRDA:38,3,1,1
BRDA:43,4,0,1
BRDA:43,4,1,0
BRDA:48,5,0,0
BRDA:48,5,1,0
BRDA:53,6,0,0
BRDA:53,6,1,0
BRDA:63,7,0,0
BRDA:63,7,1,0
BRF:18
BRH:9
end_of_record
TN:
SF:@project/models/Book.js
FN:1,(anonymous_0)
FNF:1
FNH:1
FNDA:1,(anonymous_0)
DA:1,1
DA:2,1
DA:22,1
LF:3
LH:3
BRF:0
BRH:0
end_of_record
TN:
SF:@project/models/db.js
FN:39,(anonymous_0)
FNF:1
FNH:1
FNDA:1,(anonymous_0)
DA:1,1
DA:2,1
DA:3,1
DA:4,1
DA:7,1
DA:19,1
DA:21,1
DA:22,1
DA:25,1
DA:27,1
DA:32,1
DA:34,1
DA:35,1
DA:39,1
DA:40,1
DA:41,1
DA:43,0
DA:45,0
DA:47,0
DA:53,0
DA:61,0
DA:63,0
DA:65,0
DA:67,0
DA:71,0
DA:75,0
DA:80,0
DA:85,0
DA:90,1
LF:29
LH:17
BRDA:45,0,0,0
BRDA:45,0,1,0
BRDA:45,1,0,0
BRDA:45,1,1,0
BRDA:45,1,2,0
BRF:5
BRH:0
end_of_record
